Using pre-set license
Built from '2020.3/staging' branch; Version is '2020.3.28f1 (f5400f52e03f) revision 16072719'; Using compiler version '192528614'; Build Type 'Release'
OS: 'Windows 10  (10.0.19042) 64bit Professional' Language: 'en' Physical Memory: 16330 MB
BatchMode: 1, IsHumanControllingUs: 0, StartBugReporterOnCrash: 0, Is64bit: 1, IsPro: 0

COMMAND LINE ARGUMENTS:
C:\Users\aaron\OneDrive\Desktop\projects\2020.3.28f1\Editor\Unity.exe
-adb2
-batchMode
-noUpm
-name
AssetImportWorker0
-projectPath
C:/Users/aaron/OneDrive/Documents/GitHub/Keys/Keys
-logFile
Logs/AssetImportWorker0.log
-srvPort
64150
Successfully changed project path to: C:/Users/aaron/OneDrive/Documents/GitHub/Keys/Keys
C:/Users/aaron/OneDrive/Documents/GitHub/Keys/Keys
Using Asset Import Pipeline V2.
Refreshing native plugins compatible for Editor in 60.77 ms, found 2 plugins.
Preloading 0 native plugins for Editor in 0.00 ms.
Initialize engine version: 2020.3.28f1 (f5400f52e03f)
[Subsystems] Discovering subsystems at path C:/Users/aaron/OneDrive/Desktop/projects/2020.3.28f1/Editor/Data/Resources/UnitySubsystems
[Subsystems] Discovering subsystems at path C:/Users/aaron/OneDrive/Documents/GitHub/Keys/Keys/Assets
GfxDevice: creating device client; threaded=0
Direct3D:
    Version:  Direct3D 11.0 [level 11.1]
    Renderer: Radeon RX 560 Series (ID=0x67ff)
    Vendor:   
    VRAM:     4075 MB
    Driver:   27.20.15003.5017
Initialize mono
Mono path[0] = 'C:/Users/aaron/OneDrive/Desktop/projects/2020.3.28f1/Editor/Data/Managed'
Mono path[1] = 'C:/Users/aaron/OneDrive/Desktop/projects/2020.3.28f1/Editor/Data/MonoBleedingEdge/lib/mono/unityjit'
Mono config path = 'C:/Users/aaron/OneDrive/Desktop/projects/2020.3.28f1/Editor/Data/MonoBleedingEdge/etc'
Using monoOptions --debugger-agent=transport=dt_socket,embedding=1,server=y,suspend=n,address=127.0.0.1:56228
Begin MonoManager ReloadAssembly
Registering precompiled unity dll's ...
Register platform support module: C:/Users/aaron/OneDrive/Desktop/projects/2020.3.28f1/Editor/Data/PlaybackEngines/WebGLSupport/UnityEditor.WebGL.Extensions.dll
Register platform support module: C:/Users/aaron/OneDrive/Desktop/projects/2020.3.28f1/Editor/Data/PlaybackEngines/MacStandaloneSupport/UnityEditor.OSXStandalone.Extensions.dll
Register platform support module: C:/Users/aaron/OneDrive/Desktop/projects/2020.3.28f1/Editor/Data/PlaybackEngines/WindowsStandaloneSupport/UnityEditor.WindowsStandalone.Extensions.dll
Registered in 0.006101 seconds.
Native extension for WindowsStandalone target not found
Native extension for OSXStandalone target not found
Native extension for WebGL target not found
Refreshing native plugins compatible for Editor in 90.02 ms, found 2 plugins.
Preloading 0 native plugins for Editor in 0.00 ms.
Mono: successfully reloaded assembly
- Completed reload, in  0.989 seconds
Domain Reload Profiling:
	ReloadAssembly (989ms)
		BeginReloadAssembly (118ms)
			ExecutionOrderSort (0ms)
			DisableScriptedObjects (0ms)
			BackupInstance (0ms)
			ReleaseScriptingObjects (0ms)
			CreateAndSetChildDomain (1ms)
		EndReloadAssembly (773ms)
			LoadAssemblies (114ms)
			RebuildTransferFunctionScriptingTraits (0ms)
			SetupTypeCache (254ms)
			ReleaseScriptCaches (0ms)
			RebuildScriptCaches (41ms)
			SetupLoadedEditorAssemblies (258ms)
				LogAssemblyErrors (0ms)
				InitializePlatformSupportModulesInManaged (9ms)
				SetLoadedEditorAssemblies (0ms)
				RefreshPlugins (90ms)
				BeforeProcessingInitializeOnLoad (26ms)
				ProcessInitializeOnLoadAttributes (101ms)
				ProcessInitializeOnLoadMethodAttributes (32ms)
				AfterProcessingInitializeOnLoad (0ms)
				EditorAssembliesLoaded (0ms)
			ExecutionOrderSort2 (0ms)
			AwakeInstancesAfterBackupRestoration (0ms)
Platform modules already initialized, skipping
Registering precompiled user dll's ...
Registered in 0.030847 seconds.
Begin MonoManager ReloadAssembly
Native extension for WindowsStandalone target not found
Native extension for OSXStandalone target not found
Native extension for WebGL target not found
Refreshing native plugins compatible for Editor in 178.72 ms, found 2 plugins.
Preloading 0 native plugins for Editor in 0.00 ms.
Mono: successfully reloaded assembly
- Completed reload, in  1.967 seconds
Domain Reload Profiling:
	ReloadAssembly (1968ms)
		BeginReloadAssembly (227ms)
			ExecutionOrderSort (0ms)
			DisableScriptedObjects (8ms)
			BackupInstance (0ms)
			ReleaseScriptingObjects (0ms)
			CreateAndSetChildDomain (27ms)
		EndReloadAssembly (1656ms)
			LoadAssemblies (143ms)
			RebuildTransferFunctionScriptingTraits (0ms)
			SetupTypeCache (452ms)
			ReleaseScriptCaches (1ms)
			RebuildScriptCaches (60ms)
			SetupLoadedEditorAssemblies (764ms)
				LogAssemblyErrors (0ms)
				InitializePlatformSupportModulesInManaged (11ms)
				SetLoadedEditorAssemblies (0ms)
				RefreshPlugins (179ms)
				BeforeProcessingInitializeOnLoad (208ms)
				ProcessInitializeOnLoadAttributes (338ms)
				ProcessInitializeOnLoadMethodAttributes (12ms)
				AfterProcessingInitializeOnLoad (16ms)
				EditorAssembliesLoaded (0ms)
			ExecutionOrderSort2 (0ms)
			AwakeInstancesAfterBackupRestoration (10ms)
Platform modules already initialized, skipping
========================================================================
Worker process is ready to serve import requests
Launched and connected shader compiler UnityShaderCompiler.exe after 0.08 seconds
Refreshing native plugins compatible for Editor in 0.73 ms, found 2 plugins.
Preloading 0 native plugins for Editor in 0.00 ms.
Unloading 2808 Unused Serialized files (Serialized files now loaded: 0)
System memory in use before: 126.3 MB.
System memory in use after: 126.5 MB.

Unloading 20 unused Assets to reduce memory usage. Loaded Objects now: 3240.
Total: 3.599300 ms (FindLiveObjects: 0.245500 ms CreateObjectMapping: 0.133100 ms MarkObjects: 3.128500 ms  DeleteObjects: 0.091200 ms)

AssetImportParameters requested are different than current active one (requested -> active):
  custom:framework-win-MediaFoundation: 216162199b28c13a410421893ffa2e32 -> 
  custom:video-decoder-ogg-theora: a1e56fd34408186e4bbccfd4996cb3dc -> 
  custom:container-muxer-webm: aa71ff27fc2769a1b78a27578f13a17b -> 
  custom:container-demuxer-webm: 4f35f7cbe854078d1ac9338744f61a02 -> 
  custom:container-demuxer-ogg: 62fdf1f143b41e24485cea50d1cbac27 -> 
  custom:video-encoder-webm-vp8: eb34c28f22e8b96e1ab97ce403110664 -> 
  custom:video-decoder-webm-vp8: 9c59270c3fd7afecdb556c50c9e8de78 -> 
  custom:audio-decoder-ogg-vorbis: bf7c407c2cedff20999df2af8eb42d56 -> 
  custom:audio-encoder-webm-vorbis: bf7c407c2cedff20999df2af8eb42d56 -> 
========================================================================
Received Import Request.
  path: Assets/Art/New Material 2.mat
  artifactKey: Guid(8005b4ac33499b346aeca1d6387777ab) Importer(815301076,1909f56bfc062723c751e8b465ee728b)
Start importing Assets/Art/New Material 2.mat using Guid(8005b4ac33499b346aeca1d6387777ab) Importer(815301076,1909f56bfc062723c751e8b465ee728b)  -> (artifact id: 'b7e499cf07184c617f987b6816f17f76') in 0.334841 seconds 
  Import took 0.340516 seconds .

========================================================================
Received Import Request.
  Time since last request: 8.973245 seconds.
  path: Assets/Anime/CameraLand.anim
  artifactKey: Guid(0f192ce47e9b13c4bad20574aa458a88) Importer(815301076,1909f56bfc062723c751e8b465ee728b)
Start importing Assets/Anime/CameraLand.anim using Guid(0f192ce47e9b13c4bad20574aa458a88) Importer(815301076,1909f56bfc062723c751e8b465ee728b)  -> (artifact id: '9909fe41db9b1a0f2c562d438ca07518') in 0.012891 seconds 
  Import took 0.019153 seconds .

========================================================================
Received Prepare
Registering precompiled user dll's ...
Registered in 0.010151 seconds.
Begin MonoManager ReloadAssembly
Native extension for WindowsStandalone target not found
Native extension for OSXStandalone target not found
Native extension for WebGL target not found
Refreshing native plugins compatible for Editor in 0.63 ms, found 2 plugins.
Preloading 0 native plugins for Editor in 0.00 ms.
Mono: successfully reloaded assembly
- Completed reload, in  1.616 seconds
Domain Reload Profiling:
	ReloadAssembly (1616ms)
		BeginReloadAssembly (240ms)
			ExecutionOrderSort (0ms)
			DisableScriptedObjects (10ms)
			BackupInstance (0ms)
			ReleaseScriptingObjects (0ms)
			CreateAndSetChildDomain (65ms)
		EndReloadAssembly (1279ms)
			LoadAssemblies (173ms)
			RebuildTransferFunctionScriptingTraits (0ms)
			SetupTypeCache (459ms)
			ReleaseScriptCaches (2ms)
			RebuildScriptCaches (53ms)
			SetupLoadedEditorAssemblies (445ms)
				LogAssemblyErrors (0ms)
				InitializePlatformSupportModulesInManaged (8ms)
				SetLoadedEditorAssemblies (1ms)
				RefreshPlugins (1ms)
				BeforeProcessingInitializeOnLoad (121ms)
				ProcessInitializeOnLoadAttributes (274ms)
				ProcessInitializeOnLoadMethodAttributes (14ms)
				AfterProcessingInitializeOnLoad (27ms)
				EditorAssembliesLoaded (0ms)
			ExecutionOrderSort2 (0ms)
			AwakeInstancesAfterBackupRestoration (30ms)
Platform modules already initialized, skipping
Refreshing native plugins compatible for Editor in 0.61 ms, found 2 plugins.
Preloading 0 native plugins for Editor in 0.00 ms.
Unloading 2699 Unused Serialized files (Serialized files now loaded: 0)
System memory in use before: 124.6 MB.
System memory in use after: 124.8 MB.

Unloading 15 unused Assets to reduce memory usage. Loaded Objects now: 3320.
Total: 4.553500 ms (FindLiveObjects: 0.234500 ms CreateObjectMapping: 0.120200 ms MarkObjects: 4.080100 ms  DeleteObjects: 0.117300 ms)

AssetImportParameters requested are different than current active one (requested -> active):
  custom:framework-win-MediaFoundation: 216162199b28c13a410421893ffa2e32 -> 
  custom:video-decoder-ogg-theora: a1e56fd34408186e4bbccfd4996cb3dc -> 
  custom:container-muxer-webm: aa71ff27fc2769a1b78a27578f13a17b -> 
  custom:container-demuxer-webm: 4f35f7cbe854078d1ac9338744f61a02 -> 
  custom:container-demuxer-ogg: 62fdf1f143b41e24485cea50d1cbac27 -> 
  custom:video-encoder-webm-vp8: eb34c28f22e8b96e1ab97ce403110664 -> 
  custom:video-decoder-webm-vp8: 9c59270c3fd7afecdb556c50c9e8de78 -> 
  custom:audio-decoder-ogg-vorbis: bf7c407c2cedff20999df2af8eb42d56 -> 
  custom:audio-encoder-webm-vorbis: bf7c407c2cedff20999df2af8eb42d56 -> 
========================================================================
Received Prepare
Registering precompiled user dll's ...
Registered in 0.017826 seconds.
Begin MonoManager ReloadAssembly
Native extension for WindowsStandalone target not found
Native extension for OSXStandalone target not found
Native extension for WebGL target not found
Refreshing native plugins compatible for Editor in 0.69 ms, found 2 plugins.
Preloading 0 native plugins for Editor in 0.00 ms.
Mono: successfully reloaded assembly
- Completed reload, in  2.279 seconds
Domain Reload Profiling:
	ReloadAssembly (2280ms)
		BeginReloadAssembly (244ms)
			ExecutionOrderSort (0ms)
			DisableScriptedObjects (12ms)
			BackupInstance (0ms)
			ReleaseScriptingObjects (0ms)
			CreateAndSetChildDomain (65ms)
		EndReloadAssembly (1895ms)
			LoadAssemblies (240ms)
			RebuildTransferFunctionScriptingTraits (0ms)
			SetupTypeCache (685ms)
			ReleaseScriptCaches (2ms)
			RebuildScriptCaches (88ms)
			SetupLoadedEditorAssemblies (641ms)
				LogAssemblyErrors (0ms)
				InitializePlatformSupportModulesInManaged (10ms)
				SetLoadedEditorAssemblies (1ms)
				RefreshPlugins (1ms)
				BeforeProcessingInitializeOnLoad (190ms)
				ProcessInitializeOnLoadAttributes (398ms)
				ProcessInitializeOnLoadMethodAttributes (19ms)
				AfterProcessingInitializeOnLoad (20ms)
				EditorAssembliesLoaded (0ms)
			ExecutionOrderSort2 (0ms)
			AwakeInstancesAfterBackupRestoration (30ms)
Platform modules already initialized, skipping
Refreshing native plugins compatible for Editor in 0.71 ms, found 2 plugins.
Preloading 0 native plugins for Editor in 0.00 ms.
Unloading 2699 Unused Serialized files (Serialized files now loaded: 0)
System memory in use before: 124.7 MB.
System memory in use after: 124.9 MB.

Unloading 15 unused Assets to reduce memory usage. Loaded Objects now: 3322.
Total: 7.833300 ms (FindLiveObjects: 0.278300 ms CreateObjectMapping: 0.136700 ms MarkObjects: 7.383800 ms  DeleteObjects: 0.033100 ms)

AssetImportParameters requested are different than current active one (requested -> active):
  custom:framework-win-MediaFoundation: 216162199b28c13a410421893ffa2e32 -> 
  custom:video-decoder-ogg-theora: a1e56fd34408186e4bbccfd4996cb3dc -> 
  custom:container-muxer-webm: aa71ff27fc2769a1b78a27578f13a17b -> 
  custom:container-demuxer-webm: 4f35f7cbe854078d1ac9338744f61a02 -> 
  custom:container-demuxer-ogg: 62fdf1f143b41e24485cea50d1cbac27 -> 
  custom:video-encoder-webm-vp8: eb34c28f22e8b96e1ab97ce403110664 -> 
  custom:video-decoder-webm-vp8: 9c59270c3fd7afecdb556c50c9e8de78 -> 
  custom:audio-decoder-ogg-vorbis: bf7c407c2cedff20999df2af8eb42d56 -> 
  custom:audio-encoder-webm-vorbis: bf7c407c2cedff20999df2af8eb42d56 -> 
========================================================================
Received Import Request.
  Time since last request: 2648.116589 seconds.
  path: Assets/models/untitled 3.fbx
  artifactKey: Guid(27d2a8b97765aec469bdd7bfce28c116) Importer(815301076,1909f56bfc062723c751e8b465ee728b)
Start importing Assets/models/untitled 3.fbx using Guid(27d2a8b97765aec469bdd7bfce28c116) Importer(815301076,1909f56bfc062723c751e8b465ee728b)  -> (artifact id: '7b34a11e1372c4bcae044420f1569e5f') in 0.398284 seconds 
  Import took 0.407143 seconds .

========================================================================
Received Import Request.
  Time since last request: 814.630514 seconds.
  path: Assets/Art/Materials/Material.005 Base Color 1.mat
  artifactKey: Guid(7ffe84e1bba54644d951feb21776eeab) Importer(815301076,1909f56bfc062723c751e8b465ee728b)
Start importing Assets/Art/Materials/Material.005 Base Color 1.mat using Guid(7ffe84e1bba54644d951feb21776eeab) Importer(815301076,1909f56bfc062723c751e8b465ee728b)  -> (artifact id: '7638307ccc307eccadcaf962c1ebea45') in 0.029765 seconds 
  Import took 0.037098 seconds .

========================================================================
Received Import Request.
  Time since last request: 0.000459 seconds.
  path: Assets/Art/Materials/Material.005 Base Color.mat
  artifactKey: Guid(448a2e34c76c2154e8abaac50614ab5f) Importer(815301076,1909f56bfc062723c751e8b465ee728b)
Start importing Assets/Art/Materials/Material.005 Base Color.mat using Guid(448a2e34c76c2154e8abaac50614ab5f) Importer(815301076,1909f56bfc062723c751e8b465ee728b)  -> (artifact id: '5d9e2ae47ae59ddd09a52ed0a86bce66') in 0.032601 seconds 
  Import took 0.038493 seconds .

========================================================================
Received Import Request.
  Time since last request: 7.503474 seconds.
  path: Assets/models/Map 3.fbx
  artifactKey: Guid(093f9a127c072c34fb0d48ef13de4093) Importer(815301076,1909f56bfc062723c751e8b465ee728b)
Start importing Assets/models/Map 3.fbx using Guid(093f9a127c072c34fb0d48ef13de4093) Importer(815301076,1909f56bfc062723c751e8b465ee728b)  -> (artifact id: '4ca2f40d901455366f01f993c70914af') in 0.066635 seconds 
  Import took 0.073969 seconds .

========================================================================
Received Import Request.
  Time since last request: 119.617854 seconds.
  path: Assets/models/Map 4.fbx
  artifactKey: Guid(1e2570188f4e51c4a9395366fac20cd5) Importer(815301076,1909f56bfc062723c751e8b465ee728b)
Start importing Assets/models/Map 4.fbx using Guid(1e2570188f4e51c4a9395366fac20cd5) Importer(815301076,1909f56bfc062723c751e8b465ee728b)  -> (artifact id: 'f8bbd3e344e01a3a224cd12388adb9dd') in 0.044460 seconds 
  Import took 0.052022 seconds .

========================================================================
Received Prepare
Registering precompiled user dll's ...
Registered in 0.020039 seconds.
Begin MonoManager ReloadAssembly
Native extension for WindowsStandalone target not found
Native extension for OSXStandalone target not found
Native extension for WebGL target not found
Refreshing native plugins compatible for Editor in 0.83 ms, found 2 plugins.
Preloading 0 native plugins for Editor in 0.00 ms.
Mono: successfully reloaded assembly
- Completed reload, in  1.602 seconds
Domain Reload Profiling:
	ReloadAssembly (1603ms)
		BeginReloadAssembly (261ms)
			ExecutionOrderSort (0ms)
			DisableScriptedObjects (12ms)
			BackupInstance (0ms)
			ReleaseScriptingObjects (0ms)
			CreateAndSetChildDomain (78ms)
		EndReloadAssembly (1247ms)
			LoadAssemblies (198ms)
			RebuildTransferFunctionScriptingTraits (0ms)
			SetupTypeCache (443ms)
			ReleaseScriptCaches (2ms)
			RebuildScriptCaches (58ms)
			SetupLoadedEditorAssemblies (422ms)
				LogAssemblyErrors (0ms)
				InitializePlatformSupportModulesInManaged (8ms)
				SetLoadedEditorAssemblies (1ms)
				RefreshPlugins (1ms)
				BeforeProcessingInitializeOnLoad (127ms)
				ProcessInitializeOnLoadAttributes (259ms)
				ProcessInitializeOnLoadMethodAttributes (11ms)
				AfterProcessingInitializeOnLoad (15ms)
				EditorAssembliesLoaded (0ms)
			ExecutionOrderSort2 (0ms)
			AwakeInstancesAfterBackupRestoration (21ms)
Platform modules already initialized, skipping
Refreshing native plugins compatible for Editor in 0.84 ms, found 2 plugins.
Preloading 0 native plugins for Editor in 0.00 ms.
Unloading 2699 Unused Serialized files (Serialized files now loaded: 0)
System memory in use before: 125.0 MB.
System memory in use after: 125.2 MB.

Unloading 15 unused Assets to reduce memory usage. Loaded Objects now: 3363.
Total: 4.633900 ms (FindLiveObjects: 0.263900 ms CreateObjectMapping: 0.139500 ms MarkObjects: 4.202300 ms  DeleteObjects: 0.027200 ms)

AssetImportParameters requested are different than current active one (requested -> active):
  custom:framework-win-MediaFoundation: 216162199b28c13a410421893ffa2e32 -> 
  custom:video-decoder-ogg-theora: a1e56fd34408186e4bbccfd4996cb3dc -> 
  custom:container-muxer-webm: aa71ff27fc2769a1b78a27578f13a17b -> 
  custom:container-demuxer-webm: 4f35f7cbe854078d1ac9338744f61a02 -> 
  custom:container-demuxer-ogg: 62fdf1f143b41e24485cea50d1cbac27 -> 
  custom:video-encoder-webm-vp8: eb34c28f22e8b96e1ab97ce403110664 -> 
  custom:video-decoder-webm-vp8: 9c59270c3fd7afecdb556c50c9e8de78 -> 
  custom:audio-decoder-ogg-vorbis: bf7c407c2cedff20999df2af8eb42d56 -> 
  custom:audio-encoder-webm-vorbis: bf7c407c2cedff20999df2af8eb42d56 -> 
========================================================================
Received Import Request.
  Time since last request: 720.497333 seconds.
  path: Assets/models/Map 5.fbx
  artifactKey: Guid(94718ff28bcdba24282591ee89ad8fc7) Importer(815301076,1909f56bfc062723c751e8b465ee728b)
Start importing Assets/models/Map 5.fbx using Guid(94718ff28bcdba24282591ee89ad8fc7) Importer(815301076,1909f56bfc062723c751e8b465ee728b)  -> (artifact id: 'b4c62880e51355ce9d21f690594db81f') in 0.399433 seconds 
  Import took 0.415703 seconds .

========================================================================
Received Prepare
Registering precompiled user dll's ...
Registered in 0.011027 seconds.
Begin MonoManager ReloadAssembly
Native extension for WindowsStandalone target not found
Native extension for OSXStandalone target not found
Native extension for WebGL target not found
Refreshing native plugins compatible for Editor in 0.64 ms, found 2 plugins.
Preloading 0 native plugins for Editor in 0.00 ms.
Mono: successfully reloaded assembly
- Completed reload, in  1.579 seconds
Domain Reload Profiling:
	ReloadAssembly (1580ms)
		BeginReloadAssembly (180ms)
			ExecutionOrderSort (1ms)
			DisableScriptedObjects (8ms)
			BackupInstance (0ms)
			ReleaseScriptingObjects (0ms)
			CreateAndSetChildDomain (50ms)
		EndReloadAssembly (1306ms)
			LoadAssemblies (155ms)
			RebuildTransferFunctionScriptingTraits (0ms)
			SetupTypeCache (487ms)
			ReleaseScriptCaches (2ms)
			RebuildScriptCaches (65ms)
			SetupLoadedEditorAssemblies (430ms)
				LogAssemblyErrors (0ms)
				InitializePlatformSupportModulesInManaged (8ms)
				SetLoadedEditorAssemblies (1ms)
				RefreshPlugins (1ms)
				BeforeProcessingInitializeOnLoad (124ms)
				ProcessInitializeOnLoadAttributes (268ms)
				ProcessInitializeOnLoadMethodAttributes (13ms)
				AfterProcessingInitializeOnLoad (15ms)
				EditorAssembliesLoaded (1ms)
			ExecutionOrderSort2 (0ms)
			AwakeInstancesAfterBackupRestoration (21ms)
Platform modules already initialized, skipping
Refreshing native plugins compatible for Editor in 0.86 ms, found 2 plugins.
Preloading 0 native plugins for Editor in 0.00 ms.
Unloading 2699 Unused Serialized files (Serialized files now loaded: 0)
System memory in use before: 125.1 MB.
System memory in use after: 125.3 MB.

Unloading 15 unused Assets to reduce memory usage. Loaded Objects now: 3401.
Total: 8.459300 ms (FindLiveObjects: 0.378800 ms CreateObjectMapping: 0.686100 ms MarkObjects: 7.361100 ms  DeleteObjects: 0.031900 ms)

AssetImportParameters requested are different than current active one (requested -> active):
  custom:framework-win-MediaFoundation: 216162199b28c13a410421893ffa2e32 -> 
  custom:video-decoder-ogg-theora: a1e56fd34408186e4bbccfd4996cb3dc -> 
  custom:container-muxer-webm: aa71ff27fc2769a1b78a27578f13a17b -> 
  custom:container-demuxer-webm: 4f35f7cbe854078d1ac9338744f61a02 -> 
  custom:container-demuxer-ogg: 62fdf1f143b41e24485cea50d1cbac27 -> 
  custom:video-encoder-webm-vp8: eb34c28f22e8b96e1ab97ce403110664 -> 
  custom:video-decoder-webm-vp8: 9c59270c3fd7afecdb556c50c9e8de78 -> 
  custom:audio-decoder-ogg-vorbis: bf7c407c2cedff20999df2af8eb42d56 -> 
  custom:audio-encoder-webm-vorbis: bf7c407c2cedff20999df2af8eb42d56 -> 
========================================================================
Received Prepare
Registering precompiled user dll's ...
Registered in 0.013371 seconds.
Begin MonoManager ReloadAssembly
Native extension for WindowsStandalone target not found
Native extension for OSXStandalone target not found
Native extension for WebGL target not found
Refreshing native plugins compatible for Editor in 0.78 ms, found 2 plugins.
Preloading 0 native plugins for Editor in 0.00 ms.
Mono: successfully reloaded assembly
- Completed reload, in  1.816 seconds
Domain Reload Profiling:
	ReloadAssembly (1817ms)
		BeginReloadAssembly (193ms)
			ExecutionOrderSort (0ms)
			DisableScriptedObjects (7ms)
			BackupInstance (0ms)
			ReleaseScriptingObjects (0ms)
			CreateAndSetChildDomain (52ms)
		EndReloadAssembly (1524ms)
			LoadAssemblies (192ms)
			RebuildTransferFunctionScriptingTraits (0ms)
			SetupTypeCache (577ms)
			ReleaseScriptCaches (2ms)
			RebuildScriptCaches (58ms)
			SetupLoadedEditorAssemblies (525ms)
				LogAssemblyErrors (0ms)
				InitializePlatformSupportModulesInManaged (10ms)
				SetLoadedEditorAssemblies (1ms)
				RefreshPlugins (1ms)
				BeforeProcessingInitializeOnLoad (131ms)
				ProcessInitializeOnLoadAttributes (343ms)
				ProcessInitializeOnLoadMethodAttributes (16ms)
				AfterProcessingInitializeOnLoad (23ms)
				EditorAssembliesLoaded (0ms)
			ExecutionOrderSort2 (0ms)
			AwakeInstancesAfterBackupRestoration (29ms)
Platform modules already initialized, skipping
Refreshing native plugins compatible for Editor in 0.61 ms, found 2 plugins.
Preloading 0 native plugins for Editor in 0.00 ms.
Unloading 2699 Unused Serialized files (Serialized files now loaded: 0)
System memory in use before: 125.1 MB.
System memory in use after: 125.3 MB.

Unloading 15 unused Assets to reduce memory usage. Loaded Objects now: 3403.
Total: 5.151000 ms (FindLiveObjects: 0.366400 ms CreateObjectMapping: 0.121000 ms MarkObjects: 4.606800 ms  DeleteObjects: 0.045600 ms)

AssetImportParameters requested are different than current active one (requested -> active):
  custom:framework-win-MediaFoundation: 216162199b28c13a410421893ffa2e32 -> 
  custom:video-decoder-ogg-theora: a1e56fd34408186e4bbccfd4996cb3dc -> 
  custom:container-muxer-webm: aa71ff27fc2769a1b78a27578f13a17b -> 
  custom:container-demuxer-webm: 4f35f7cbe854078d1ac9338744f61a02 -> 
  custom:container-demuxer-ogg: 62fdf1f143b41e24485cea50d1cbac27 -> 
  custom:video-encoder-webm-vp8: eb34c28f22e8b96e1ab97ce403110664 -> 
  custom:video-decoder-webm-vp8: 9c59270c3fd7afecdb556c50c9e8de78 -> 
  custom:audio-decoder-ogg-vorbis: bf7c407c2cedff20999df2af8eb42d56 -> 
  custom:audio-encoder-webm-vorbis: bf7c407c2cedff20999df2af8eb42d56 -> 
========================================================================
Received Import Request.
  Time since last request: 2336.272987 seconds.
  path: Assets/models/Keys.fbx
  artifactKey: Guid(bef3bb28940d25742b6a61a3c3111c07) Importer(815301076,1909f56bfc062723c751e8b465ee728b)
Start importing Assets/models/Keys.fbx using Guid(bef3bb28940d25742b6a61a3c3111c07) Importer(815301076,1909f56bfc062723c751e8b465ee728b)  -> (artifact id: '77a316a6a13ff89076545e653542cb16') in 0.411892 seconds 
  Import took 0.419607 seconds .

========================================================================
Received Import Request.
  Time since last request: 364.367644 seconds.
  path: Assets/Art/Untitled design (40).png
  artifactKey: Guid(33371f08b6fad3b4597293ad1fae7b26) Importer(815301076,1909f56bfc062723c751e8b465ee728b)
Start importing Assets/Art/Untitled design (40).png using Guid(33371f08b6fad3b4597293ad1fae7b26) Importer(815301076,1909f56bfc062723c751e8b465ee728b)  -> (artifact id: 'ecb08a4fbeefb73645ca358900a5bb9a') in 0.088886 seconds 
  Import took 0.096450 seconds .

========================================================================
Received Import Request.
  Time since last request: 3.615396 seconds.
  path: Assets/Art/New Material 1.mat
  artifactKey: Guid(59688908c3ded9549bfe0433dbf7a847) Importer(815301076,1909f56bfc062723c751e8b465ee728b)
Start importing Assets/Art/New Material 1.mat using Guid(59688908c3ded9549bfe0433dbf7a847) Importer(815301076,1909f56bfc062723c751e8b465ee728b)  -> (artifact id: '7ec27d4c8aa45629b82cb2eeb316445c') in 0.040312 seconds 
  Import took 0.048376 seconds .

========================================================================
Received Import Request.
  Time since last request: 0.000301 seconds.
  path: Assets/Art/New Material 2.mat
  artifactKey: Guid(8005b4ac33499b346aeca1d6387777ab) Importer(815301076,1909f56bfc062723c751e8b465ee728b)
Start importing Assets/Art/New Material 2.mat using Guid(8005b4ac33499b346aeca1d6387777ab) Importer(815301076,1909f56bfc062723c751e8b465ee728b)  -> (artifact id: '7d2fe2675486ea2cf3aaa0473eed9eea') in 0.037873 seconds 
  Import took 0.045853 seconds .

========================================================================
Received Import Request.
  Time since last request: 0.000222 seconds.
  path: Assets/Art/New Material 3.mat
  artifactKey: Guid(bb54bd0c74062134288fcb2a0f958377) Importer(815301076,1909f56bfc062723c751e8b465ee728b)
Start importing Assets/Art/New Material 3.mat using Guid(bb54bd0c74062134288fcb2a0f958377) Importer(815301076,1909f56bfc062723c751e8b465ee728b)  -> (artifact id: '473681aa75116572804062f4bafe6712') in 0.039480 seconds 
  Import took 0.052310 seconds .

========================================================================
Received Import Request.
  Time since last request: 23.956093 seconds.
  path: Assets/Art/Untitled design (40).png
  artifactKey: Guid(33371f08b6fad3b4597293ad1fae7b26) Importer(815301076,1909f56bfc062723c751e8b465ee728b)
Start importing Assets/Art/Untitled design (40).png using Guid(33371f08b6fad3b4597293ad1fae7b26) Importer(815301076,1909f56bfc062723c751e8b465ee728b)  -> (artifact id: '72cf0d926ba3be2f2182c71b2ce461c6') in 0.062818 seconds 
  Import took 0.069027 seconds .

AssetImportWorkerClient::OnTransportError - code=2 error=End of file
